[0.011s] Invoking command in '/home/ferb/ros2-ws/build/cpp_pubsub': CMAKE_PREFIX_PATH=${CMAKE_PREFIX_PATH}:/opt/ros/jazzy DEBUGINFOD_URLS=https://debuginfod.ubuntu.com /usr/bin/cmake /home/ferb/ros2-ws/src/cpp_pubsub -DCMAKE_INSTALL_PREFIX=/home/ferb/ros2-ws/install/cpp_pubsub
[0.070s] -- The C compiler identification is GNU 13.3.0
[0.106s] -- The CXX compiler identification is GNU 13.3.0
[0.122s] -- Detecting C compiler ABI info
[0.199s] -- Detecting C compiler ABI info - done
[0.204s] -- Check for working C compiler: /usr/bin/cc - skipped
[0.204s] -- Detecting C compile features
[0.204s] -- Detecting C compile features - done
[0.214s] -- Detecting CXX compiler ABI info
[0.279s] -- Detecting CXX compiler ABI info - done
[0.287s] -- Check for working CXX compiler: /usr/bin/c++ - skipped
[0.287s] -- Detecting CXX compile features
[0.287s] -- Detecting CXX compile features - done
[0.289s] -- Found ament_cmake: 2.5.4 (/opt/ros/jazzy/share/ament_cmake/cmake)
[0.384s] -- Found Python3: /usr/bin/python3 (found version "3.12.3") found components: Interpreter 
[0.445s] -- Found rclcpp: 28.1.10 (/opt/ros/jazzy/share/rclcpp/cmake)
[0.464s] -- Found rosidl_generator_c: 4.6.5 (/opt/ros/jazzy/share/rosidl_generator_c/cmake)
[0.470s] -- Found rosidl_generator_cpp: 4.6.5 (/opt/ros/jazzy/share/rosidl_generator_cpp/cmake)
[0.478s] -- Using all available rosidl_typesupport_c: rosidl_typesupport_fastrtps_c;rosidl_typesupport_introspection_c
[0.486s] -- Using all available rosidl_typesupport_cpp: rosidl_typesupport_fastrtps_cpp;rosidl_typesupport_introspection_cpp
[0.525s] -- Found rmw_implementation_cmake: 7.3.2 (/opt/ros/jazzy/share/rmw_implementation_cmake/cmake)
[0.526s] -- Found rmw_fastrtps_cpp: 8.4.2 (/opt/ros/jazzy/share/rmw_fastrtps_cpp/cmake)
[0.616s] -- Found OpenSSL: /usr/lib/x86_64-linux-gnu/libcrypto.so (found version "3.0.13")  
[0.629s] -- Found FastRTPS: /opt/ros/jazzy/include (Required is at least version "2.13") 
[0.644s] -- Using RMW implementation 'rmw_fastrtps_cpp' as default
[0.684s] -- Found std_msgs: 5.3.6 (/opt/ros/jazzy/share/std_msgs/cmake)
[0.742s] -- Configuring done (0.7s)
[0.743s] [31mCMake Error at CMakeLists.txt:16 (add_executable):
[0.743s]   Cannot find source file:
[0.743s] 
[0.744s]     src/publisher_lambda_function.cpp
[0.744s] 
[0.744s]   Tried extensions .c .C .c++ .cc .cpp .cxx .cu .mpp .m .M .mm .ixx .cppm
[0.744s]   .ccm .cxxm .c++m .h .hh .h++ .hm .hpp .hxx .in .txx .f .F .for .f77 .f90
[0.744s]   .f95 .f03 .hip .ispc
[0.744s] 
[0.744s] [0m
[0.744s] [31mCMake Error at CMakeLists.txt:16 (add_executable):
[0.744s]   No SOURCES given to target: talker
[0.744s] 
[0.744s] [0m
[0.744s] [0mCMake Generate step failed.  Build files cannot be regenerated correctly.[0m
[0.752s] Invoked command in '/home/ferb/ros2-ws/build/cpp_pubsub' returned '1': CMAKE_PREFIX_PATH=${CMAKE_PREFIX_PATH}:/opt/ros/jazzy DEBUGINFOD_URLS=https://debuginfod.ubuntu.com /usr/bin/cmake /home/ferb/ros2-ws/src/cpp_pubsub -DCMAKE_INSTALL_PREFIX=/home/ferb/ros2-ws/install/cpp_pubsub
