[0.008s] Invoking command in '/home/ferb/ros2-ws/build/cpp_pubsub': CMAKE_PREFIX_PATH=${CMAKE_PREFIX_PATH}:/opt/ros/jazzy DEBUGINFOD_URLS=https://debuginfod.ubuntu.com /usr/bin/cmake /home/ferb/ros2-ws/src/cpp_pubsub -DCMAKE_INSTALL_PREFIX=/home/ferb/ros2-ws/install/cpp_pubsub
[0.021s] -- Found ament_cmake: 2.5.4 (/opt/ros/jazzy/share/ament_cmake/cmake)
[0.164s] -- Found rclcpp: 28.1.10 (/opt/ros/jazzy/share/rclcpp/cmake)
[0.178s] -- Found rosidl_generator_c: 4.6.5 (/opt/ros/jazzy/share/rosidl_generator_c/cmake)
[0.182s] -- Found rosidl_generator_cpp: 4.6.5 (/opt/ros/jazzy/share/rosidl_generator_cpp/cmake)
[0.188s] -- Using all available rosidl_typesupport_c: rosidl_typesupport_fastrtps_c;rosidl_typesupport_introspection_c
[0.195s] -- Using all available rosidl_typesupport_cpp: rosidl_typesupport_fastrtps_cpp;rosidl_typesupport_introspection_cpp
[0.229s] -- Found rmw_implementation_cmake: 7.3.2 (/opt/ros/jazzy/share/rmw_implementation_cmake/cmake)
[0.230s] -- Found rmw_fastrtps_cpp: 8.4.2 (/opt/ros/jazzy/share/rmw_fastrtps_cpp/cmake)
[0.286s] -- Using RMW implementation 'rmw_fastrtps_cpp' as default
[0.320s] -- Found std_msgs: 5.3.6 (/opt/ros/jazzy/share/std_msgs/cmake)
[0.386s] -- Configuring done (0.4s)
[0.387s] [31mCMake Error at CMakeLists.txt:16 (add_executable):
[0.388s]   Cannot find source file:
[0.388s] 
[0.388s]     src/publisher_lambda_function.cpp
[0.388s] 
[0.389s]   Tried extensions .c .C .c++ .cc .cpp .cxx .cu .mpp .m .M .mm .ixx .cppm
[0.389s]   .ccm .cxxm .c++m .h .hh .h++ .hm .hpp .hxx .in .txx .f .F .for .f77 .f90
[0.389s]   .f95 .f03 .hip .ispc
[0.389s] 
[0.389s] [0m
[0.389s] [31mCMake Error at CMakeLists.txt:16 (add_executable):
[0.390s]   No SOURCES given to target: talker
[0.390s] 
[0.390s] [0m
[0.390s] [0mCMake Generate step failed.  Build files cannot be regenerated correctly.[0m
[0.393s] Invoked command in '/home/ferb/ros2-ws/build/cpp_pubsub' returned '1': CMAKE_PREFIX_PATH=${CMAKE_PREFIX_PATH}:/opt/ros/jazzy DEBUGINFOD_URLS=https://debuginfod.ubuntu.com /usr/bin/cmake /home/ferb/ros2-ws/src/cpp_pubsub -DCMAKE_INSTALL_PREFIX=/home/ferb/ros2-ws/install/cpp_pubsub
